done: ../dados_2017/DADOS/blocos/blocos.aa
done: ../dados_2017/DADOS/blocos/blocos.ac
done: ../dados_2017/DADOS/blocos/blocos.ab
done: ../dados_2017/DADOS/blocos/blocos.af
done: ../dados_2017/DADOS/blocos/blocos.ad
done: ../dados_2017/DADOS/blocos/blocos.ae
done: ../dados_2017/DADOS/blocos/blocos.ag
done: ../dados_2017/DADOS/blocos/blocos.ai
done: ../dados_2017/DADOS/blocos/blocos.ah
done: ../dados_2017/DADOS/blocos/blocos.ak
done: ../dados_2017/DADOS/blocos/blocos.al
done: ../dados_2017/DADOS/blocos/blocos.aj
done: ../dados_2017/DADOS/blocos/blocos.an
done: ../dados_2017/DADOS/blocos/blocos.am
done: ../dados_2017/DADOS/blocos/blocos.ao
done: ../dados_2017/DADOS/blocos/blocos.ar
done: ../dados_2017/DADOS/blocos/blocos.ap
done: ../dados_2017/DADOS/blocos/blocos.aq
done: ../dados_2017/DADOS/blocos/blocos.as
done: ../dados_2017/DADOS/blocos/blocos.at
done: ../dados_2017/DADOS/blocos/blocos.au
done: ../dados_2017/DADOS/blocos/blocos.av
done: ../dados_2017/DADOS/blocos/blocos.aw
done: ../dados_2017/DADOS/blocos/blocos.ax
done: ../dados_2017/DADOS/blocos/blocos.ay
done: ../dados_2017/DADOS/blocos/blocos.az
done: ../dados_2017/DADOS/blocos/blocos.bc
done: ../dados_2017/DADOS/blocos/blocos.bb
done: ../dados_2017/DADOS/blocos/blocos.ba
done: ../dados_2017/DADOS/blocos/blocos.bd
done: ../dados_2017/DADOS/blocos/blocos.bf
done: ../dados_2017/DADOS/blocos/blocos.be
done: ../dados_2017/DADOS/blocos/blocos.bi
done: ../dados_2017/DADOS/blocos/blocos.bh
done: ../dados_2017/DADOS/blocos/blocos.bg
done: ../dados_2017/DADOS/blocos/blocos.bj
done: ../dados_2017/DADOS/blocos/blocos.bm
done: ../dados_2017/DADOS/blocos/blocos.bl
done: ../dados_2017/DADOS/blocos/blocos.bk
done: ../dados_2017/DADOS/blocos/blocos.bo
done: ../dados_2017/DADOS/blocos/blocos.bn
done: ../dados_2017/DADOS/blocos/blocos.bp
done: ../dados_2017/DADOS/blocos/blocos.bq
done: ../dados_2017/DADOS/blocos/blocos.br
done: ../dados_2017/DADOS/blocos/blocos.bu
done: ../dados_2017/DADOS/blocos/blocos.bt
done: ../dados_2017/DADOS/blocos/blocos.bs
done: ../dados_2017/DADOS/blocos/blocos.bv
done: ../dados_2017/DADOS/blocos/blocos.bw
done: ../dados_2017/DADOS/blocos/blocos.bx
done: ../dados_2017/DADOS/blocos/blocos.ca
done: ../dados_2017/DADOS/blocos/blocos.by
done: ../dados_2017/DADOS/blocos/blocos.bz
done: ../dados_2017/DADOS/blocos/blocos.cc
done: ../dados_2017/DADOS/blocos/blocos.cd
done: ../dados_2017/DADOS/blocos/blocos.cb
done: ../dados_2017/DADOS/blocos/blocos.cf
done: ../dados_2017/DADOS/blocos/blocos.cg
done: ../dados_2017/DADOS/blocos/blocos.ce
done: ../dados_2017/DADOS/blocos/blocos.ch
done: ../dados_2017/DADOS/blocos/blocos.cj
done: ../dados_2017/DADOS/blocos/blocos.ci
done: ../dados_2017/DADOS/blocos/blocos.cl
done: ../dados_2017/DADOS/blocos/blocos.cm
done: ../dados_2017/DADOS/blocos/blocos.ck
done: ../dados_2017/DADOS/blocos/blocos.cn
done: ../dados_2017/DADOS/blocos/blocos.cq
done: ../dados_2017/DADOS/blocos/blocos.co
done: ../dados_2017/DADOS/blocos/blocos.cp
done: ../dados_2017/DADOS/blocos/blocos.ct
done: ../dados_2017/DADOS/blocos/blocos.cs
done: ../dados_2017/DADOS/blocos/blocos.cr
done: ../dados_2017/DADOS/blocos/blocos.cv
done: ../dados_2017/DADOS/blocos/blocos.cw
done: ../dados_2017/DADOS/blocos/blocos.cu
done: ../dados_2017/DADOS/blocos/blocos.cz
done: ../dados_2017/DADOS/blocos/blocos.cx
done: ../dados_2017/DADOS/blocos/blocos.cy
done: ../dados_2017/DADOS/blocos/blocos.db
done: ../dados_2017/DADOS/blocos/blocos.da
done: ../dados_2017/DADOS/blocos/blocos.dc
done: ../dados_2017/DADOS/blocos/blocos.df
done: ../dados_2017/DADOS/blocos/blocos.dd
done: ../dados_2017/DADOS/blocos/blocos.de
done: ../dados_2017/DADOS/blocos/blocos.dg
done: ../dados_2017/DADOS/blocos/blocos.dh
done: ../dados_2017/DADOS/blocos/blocos.dj
done: ../dados_2017/DADOS/blocos/blocos.di
done: ../dados_2017/DADOS/blocos/blocos.dm
done: ../dados_2017/DADOS/blocos/blocos.dk
done: ../dados_2017/DADOS/blocos/blocos.dl
done: ../dados_2017/DADOS/blocos/blocos.do
done: ../dados_2017/DADOS/blocos/blocos.dn
done: ../dados_2017/DADOS/blocos/blocos.dp
done: ../dados_2017/DADOS/blocos/blocos.dq
done: ../dados_2017/DADOS/blocos/blocos.dr
done: ../dados_2017/DADOS/blocos/blocos.ds
done: ../dados_2017/DADOS/blocos/blocos.du
done: ../dados_2017/DADOS/blocos/blocos.dv
done: ../dados_2017/DADOS/blocos/blocos.dt
done: ../dados_2017/DADOS/blocos/blocos.dy
done: ../dados_2017/DADOS/blocos/blocos.dx
done: ../dados_2017/DADOS/blocos/blocos.dw
done: ../dados_2017/DADOS/blocos/blocos.ea
done: ../dados_2017/DADOS/blocos/blocos.dz
done: ../dados_2017/DADOS/blocos/blocos.eb
done: ../dados_2017/DADOS/blocos/blocos.ed
done: ../dados_2017/DADOS/blocos/blocos.ec
done: ../dados_2017/DADOS/blocos/blocos.ee
done: ../dados_2017/DADOS/blocos/blocos.eg
done: ../dados_2017/DADOS/blocos/blocos.ef
done: ../dados_2017/DADOS/blocos/blocos.ej
done: ../dados_2017/DADOS/blocos/blocos.ei
done: ../dados_2017/DADOS/blocos/blocos.eh
done: ../dados_2017/DADOS/blocos/blocos.ek
done: ../dados_2017/DADOS/blocos/blocos.em
done: ../dados_2017/DADOS/blocos/blocos.el
done: ../dados_2017/DADOS/blocos/blocos.en
done: ../dados_2017/DADOS/blocos/blocos.eo
done: ../dados_2017/DADOS/blocos/blocos.eq
done: ../dados_2017/DADOS/blocos/blocos.ep
done: ../dados_2017/DADOS/blocos/blocos.er
done: ../dados_2017/DADOS/blocos/blocos.es
done: ../dados_2017/DADOS/blocos/blocos.et
done: ../dados_2017/DADOS/blocos/blocos.eu
done: ../dados_2017/DADOS/blocos/blocos.ex
done: ../dados_2017/DADOS/blocos/blocos.ew
done: ../dados_2017/DADOS/blocos/blocos.ev
done: ../dados_2017/DADOS/blocos/blocos.ey
done: ../dados_2017/DADOS/blocos/blocos.ez
done: ../dados_2017/DADOS/blocos/blocos.fb
done: ../dados_2017/DADOS/blocos/blocos.fa
done: ../dados_2017/DADOS/blocos/blocos.fc
done: ../dados_2017/DADOS/blocos/blocos.ff
done: ../dados_2017/DADOS/blocos/blocos.fe
done: ../dados_2017/DADOS/blocos/blocos.fd
done: ../dados_2017/DADOS/blocos/blocos.fg
done: ../dados_2017/DADOS/blocos/blocos.fh
done: ../dados_2017/DADOS/blocos/blocos.fi
done: ../dados_2017/DADOS/blocos/blocos.fj
done: ../dados_2017/DADOS/blocos/blocos.fk
done: ../dados_2017/DADOS/blocos/blocos.fn
done: ../dados_2017/DADOS/blocos/blocos.fm
done: ../dados_2017/DADOS/blocos/blocos.fl
done: ../dados_2017/DADOS/blocos/blocos.fo
done: ../dados_2017/DADOS/blocos/blocos.fq
done: ../dados_2017/DADOS/blocos/blocos.fp
done: ../dados_2017/DADOS/blocos/blocos.fs
done: ../dados_2017/DADOS/blocos/blocos.fr
done: ../dados_2017/DADOS/blocos/blocos.ft
done: ../dados_2017/DADOS/blocos/blocos.fu
done: ../dados_2017/DADOS/blocos/blocos.fv
done: ../dados_2017/DADOS/blocos/blocos.fw
done: ../dados_2017/DADOS/blocos/blocos.fy
done: ../dados_2017/DADOS/blocos/blocos.fx
done: ../dados_2017/DADOS/blocos/blocos.fz
done: ../dados_2017/DADOS/blocos/blocos.gc
done: ../dados_2017/DADOS/blocos/blocos.ga
done: ../dados_2017/DADOS/blocos/blocos.gb
done: ../dados_2017/DADOS/blocos/blocos.gf
done: ../dados_2017/DADOS/blocos/blocos.ge
done: ../dados_2017/DADOS/blocos/blocos.gd
done: ../dados_2017/DADOS/blocos/blocos.gh
done: ../dados_2017/DADOS/blocos/blocos.gg
done: ../dados_2017/DADOS/blocos/blocos.gi
done: ../dados_2017/DADOS/blocos/blocos.gk
done: ../dados_2017/DADOS/blocos/blocos.gl
done: ../dados_2017/DADOS/blocos/blocos.gj
done: ../dados_2017/DADOS/blocos/blocos.gn
done: ../dados_2017/DADOS/blocos/blocos.go
done: ../dados_2017/DADOS/blocos/blocos.gm
done: ../dados_2017/DADOS/blocos/blocos.gp
done: ../dados_2017/DADOS/blocos/blocos.gr
done: ../dados_2017/DADOS/blocos/blocos.gq
done: ../dados_2017/DADOS/blocos/blocos.gt
done: ../dados_2017/DADOS/blocos/blocos.gs
done: ../dados_2017/DADOS/blocos/blocos.gu
done: ../dados_2017/DADOS/blocos/blocos.gv
done: ../dados_2017/DADOS/blocos/blocos.gw
done: ../dados_2017/DADOS/blocos/blocos.gx
done: ../dados_2017/DADOS/blocos/blocos.ha
done: ../dados_2017/DADOS/blocos/blocos.gz
done: ../dados_2017/DADOS/blocos/blocos.gy
done: ../dados_2017/DADOS/blocos/blocos.hd
done: ../dados_2017/DADOS/blocos/blocos.hb
done: ../dados_2017/DADOS/blocos/blocos.hc
done: ../dados_2017/DADOS/blocos/blocos.hf
done: ../dados_2017/DADOS/blocos/blocos.hg
done: ../dados_2017/DADOS/blocos/blocos.he
done: ../dados_2017/DADOS/blocos/blocos.hh
done: ../dados_2017/DADOS/blocos/blocos.hj
done: ../dados_2017/DADOS/blocos/blocos.hi
done: ../dados_2017/DADOS/blocos/blocos.hk
done: ../dados_2017/DADOS/blocos/blocos.hl
done: ../dados_2017/DADOS/blocos/blocos.hm
done: ../dados_2017/DADOS/blocos/blocos.hn
done: ../dados_2017/DADOS/blocos/blocos.ho
done: ../dados_2017/DADOS/blocos/blocos.hp
done: ../dados_2017/DADOS/blocos/blocos.hq
done: ../dados_2017/DADOS/blocos/blocos.hs
done: ../dados_2017/DADOS/blocos/blocos.hr
done: ../dados_2017/DADOS/blocos/blocos.hu
done: ../dados_2017/DADOS/blocos/blocos.ht
done: ../dados_2017/DADOS/blocos/blocos.hv
done: ../dados_2017/DADOS/blocos/blocos.hw
done: ../dados_2017/DADOS/blocos/blocos.hy
done: ../dados_2017/DADOS/blocos/blocos.hx
done: ../dados_2017/DADOS/blocos/blocos.hz
done: ../dados_2017/DADOS/blocos/blocos.ib
done: ../dados_2017/DADOS/blocos/blocos.ia
done: ../dados_2017/DADOS/blocos/blocos.ic
done: ../dados_2017/DADOS/blocos/blocos.id
done: ../dados_2017/DADOS/blocos/blocos.ie
done: ../dados_2017/DADOS/blocos/blocos.ig
done: ../dados_2017/DADOS/blocos/blocos.if
done: ../dados_2017/DADOS/blocos/blocos.ih
done: ../dados_2017/DADOS/blocos/blocos.ii
done: ../dados_2017/DADOS/blocos/blocos.ij
done: ../dados_2017/DADOS/blocos/blocos.il
done: ../dados_2017/DADOS/blocos/blocos.ik
done: ../dados_2017/DADOS/blocos/blocos.im
done: ../dados_2017/DADOS/blocos/blocos.in
done: ../dados_2017/DADOS/blocos/blocos.io
done: ../dados_2017/DADOS/blocos/blocos.ir
done: ../dados_2017/DADOS/blocos/blocos.iq
done: ../dados_2017/DADOS/blocos/blocos.ip
done: ../dados_2017/DADOS/blocos/blocos.is
done: ../dados_2017/DADOS/blocos/blocos.it
done: ../dados_2017/DADOS/blocos/blocos.iv
done: ../dados_2017/DADOS/blocos/blocos.iw
done: ../dados_2017/DADOS/blocos/blocos.iu
done: ../dados_2017/DADOS/blocos/blocos.iz
done: ../dados_2017/DADOS/blocos/blocos.ix
done: ../dados_2017/DADOS/blocos/blocos.iy
done: ../dados_2017/DADOS/blocos/blocos.ja
done: ../dados_2017/DADOS/blocos/blocos.jc
done: ../dados_2017/DADOS/blocos/blocos.jb
done: ../dados_2017/DADOS/blocos/blocos.je
done: ../dados_2017/DADOS/blocos/blocos.jd
done: ../dados_2017/DADOS/blocos/blocos.jf
done: ../dados_2017/DADOS/blocos/blocos.jg
done: ../dados_2017/DADOS/blocos/blocos.ji
done: ../dados_2017/DADOS/blocos/blocos.jh
done: ../dados_2017/DADOS/blocos/blocos.jj
done: ../dados_2017/DADOS/blocos/blocos.jk
done: ../dados_2017/DADOS/blocos/blocos.jl
done: ../dados_2017/DADOS/blocos/blocos.jn
done: ../dados_2017/DADOS/blocos/blocos.jm
done: ../dados_2017/DADOS/blocos/blocos.jp
done: ../dados_2017/DADOS/blocos/blocos.jq
done: ../dados_2017/DADOS/blocos/blocos.jo
done: ../dados_2017/DADOS/blocos/blocos.js
done: ../dados_2017/DADOS/blocos/blocos.jr
done: ../dados_2017/DADOS/blocos/blocos.jt
done: ../dados_2017/DADOS/blocos/blocos.ju
done: ../dados_2017/DADOS/blocos/blocos.jv
done: ../dados_2017/DADOS/blocos/blocos.jx
done: ../dados_2017/DADOS/blocos/blocos.jy
done: ../dados_2017/DADOS/blocos/blocos.jw
done: ../dados_2017/DADOS/blocos/blocos.kb
done: ../dados_2017/DADOS/blocos/blocos.ka
done: ../dados_2017/DADOS/blocos/blocos.jz
done: ../dados_2017/DADOS/blocos/blocos.kd
done: ../dados_2017/DADOS/blocos/blocos.ke
done: ../dados_2017/DADOS/blocos/blocos.kc
done: ../dados_2017/DADOS/blocos/blocos.kh
done: ../dados_2017/DADOS/blocos/blocos.kf
done: ../dados_2017/DADOS/blocos/blocos.kg
done: ../dados_2017/DADOS/blocos/blocos.ki
done: ../dados_2017/DADOS/blocos/blocos.kj
done: ../dados_2017/DADOS/blocos/blocos.kk
done: ../dados_2017/DADOS/blocos/blocos.kn
done: ../dados_2017/DADOS/blocos/blocos.km
done: ../dados_2017/DADOS/blocos/blocos.kl
done: ../dados_2017/DADOS/blocos/blocos.ko
done: ../dados_2017/DADOS/blocos/blocos.kp
done: ../dados_2017/DADOS/blocos/blocos.kq
done: ../dados_2017/DADOS/blocos/blocos.kr
done: ../dados_2017/DADOS/blocos/blocos.ks
done: ../dados_2017/DADOS/blocos/blocos.kt
done: ../dados_2017/DADOS/blocos/blocos.ku
done: ../dados_2017/DADOS/blocos/blocos.kw
done: ../dados_2017/DADOS/blocos/blocos.kx
done: ../dados_2017/DADOS/blocos/blocos.kv
done: ../dados_2017/DADOS/blocos/blocos.la
done: ../dados_2017/DADOS/blocos/blocos.kz
done: ../dados_2017/DADOS/blocos/blocos.ky
done: ../dados_2017/DADOS/blocos/blocos.lc
done: ../dados_2017/DADOS/blocos/blocos.ld
done: ../dados_2017/DADOS/blocos/blocos.lb
done: ../dados_2017/DADOS/blocos/blocos.le
done: ../dados_2017/DADOS/blocos/blocos.lg
done: ../dados_2017/DADOS/blocos/blocos.lf
done: ../dados_2017/DADOS/blocos/blocos.li
done: ../dados_2017/DADOS/blocos/blocos.lh
done: ../dados_2017/DADOS/blocos/blocos.lk
done: ../dados_2017/DADOS/blocos/blocos.ll
done: ../dados_2017/DADOS/blocos/blocos.lj
done: ../dados_2017/DADOS/blocos/blocos.ln
done: ../dados_2017/DADOS/blocos/blocos.lo
done: ../dados_2017/DADOS/blocos/blocos.lm
done: ../dados_2017/DADOS/blocos/blocos.lr
done: ../dados_2017/DADOS/blocos/blocos.lp
done: ../dados_2017/DADOS/blocos/blocos.lq
done: ../dados_2017/DADOS/blocos/blocos.ls
done: ../dados_2017/DADOS/blocos/blocos.lt
done: ../dados_2017/DADOS/blocos/blocos.lu
done: ../dados_2017/DADOS/blocos/blocos.lv
done: ../dados_2017/DADOS/blocos/blocos.lx
done: ../dados_2017/DADOS/blocos/blocos.lw
done: ../dados_2017/DADOS/blocos/blocos.ma
done: ../dados_2017/DADOS/blocos/blocos.ly
done: ../dados_2017/DADOS/blocos/blocos.lz
done: ../dados_2017/DADOS/blocos/blocos.mc
done: ../dados_2017/DADOS/blocos/blocos.mb
done: ../dados_2017/DADOS/blocos/blocos.me
done: ../dados_2017/DADOS/blocos/blocos.md
done: ../dados_2017/DADOS/blocos/blocos.mf
done: ../dados_2017/DADOS/blocos/blocos.mg
done: ../dados_2017/DADOS/blocos/blocos.mh
done: ../dados_2017/DADOS/blocos/blocos.mi
done: ../dados_2017/DADOS/blocos/blocos.mk
done: ../dados_2017/DADOS/blocos/blocos.ml
done: ../dados_2017/DADOS/blocos/blocos.mj
done: ../dados_2017/DADOS/blocos/blocos.mn
done: ../dados_2017/DADOS/blocos/blocos.mm
done: ../dados_2017/DADOS/blocos/blocos.mo
done: ../dados_2017/DADOS/blocos/blocos.mq
done: ../dados_2017/DADOS/blocos/blocos.mr
done: ../dados_2017/DADOS/blocos/blocos.mp
done: ../dados_2017/DADOS/blocos/blocos.mu
done: ../dados_2017/DADOS/blocos/blocos.mt
done: ../dados_2017/DADOS/blocos/blocos.ms
done: ../dados_2017/DADOS/blocos/blocos.mv
done: ../dados_2017/DADOS/blocos/blocos.mw
done: ../dados_2017/DADOS/blocos/blocos.my
done: ../dados_2017/DADOS/blocos/blocos.mx
done: ../dados_2017/DADOS/blocos/blocos.aa
done: ../dados_2017/DADOS/blocos/blocos.ac
done: ../dados_2017/DADOS/blocos/blocos.ab
done: ../dados_2017/DADOS/blocos/blocos.af
done: ../dados_2017/DADOS/blocos/blocos.ae
done: ../dados_2017/DADOS/blocos/blocos.ad
done: ../dados_2017/DADOS/blocos/blocos.ai
done: ../dados_2017/DADOS/blocos/blocos.ag
done: ../dados_2017/DADOS/blocos/blocos.ah
done: ../dados_2017/DADOS/blocos/blocos.al
done: ../dados_2017/DADOS/blocos/blocos.ak
done: ../dados_2017/DADOS/blocos/blocos.aj
done: ../dados_2017/DADOS/blocos/blocos.an
done: ../dados_2017/DADOS/blocos/blocos.am
done: ../dados_2017/DADOS/blocos/blocos.ao
done: ../dados_2017/DADOS/blocos/blocos.ar
done: ../dados_2017/DADOS/blocos/blocos.aq
done: ../dados_2017/DADOS/blocos/blocos.ap
done: ../dados_2017/DADOS/blocos/blocos.as
done: ../dados_2017/DADOS/blocos/blocos.at
done: ../dados_2017/DADOS/blocos/blocos.au
done: ../dados_2017/DADOS/blocos/blocos.av
done: ../dados_2017/DADOS/blocos/blocos.ax
done: ../dados_2017/DADOS/blocos/blocos.aw
done: ../dados_2017/DADOS/blocos/blocos.ay
done: ../dados_2017/DADOS/blocos/blocos.ba
done: ../dados_2017/DADOS/blocos/blocos.az
done: ../dados_2017/DADOS/blocos/blocos.bb
done: ../dados_2017/DADOS/blocos/blocos.bc
done: ../dados_2017/DADOS/blocos/blocos.bd
done: ../dados_2017/DADOS/blocos/blocos.be
done: ../dados_2017/DADOS/blocos/blocos.bf
done: ../dados_2017/DADOS/blocos/blocos.bg
done: ../dados_2017/DADOS/blocos/blocos.bh
done: ../dados_2017/DADOS/blocos/blocos.bj
done: ../dados_2017/DADOS/blocos/blocos.bk
done: ../dados_2017/DADOS/blocos/blocos.bi
done: ../dados_2017/DADOS/blocos/blocos.bl
done: ../dados_2017/DADOS/blocos/blocos.bm
done: ../dados_2017/DADOS/blocos/blocos.bn
done: ../dados_2017/DADOS/blocos/blocos.bp
done: ../dados_2017/DADOS/blocos/blocos.bo
done: ../dados_2017/DADOS/blocos/blocos.bq
done: ../dados_2017/DADOS/blocos/blocos.bs
done: ../dados_2017/DADOS/blocos/blocos.br
done: ../dados_2017/DADOS/blocos/blocos.bt
done: ../dados_2017/DADOS/blocos/blocos.bu
done: ../dados_2017/DADOS/blocos/blocos.bw
done: ../dados_2017/DADOS/blocos/blocos.bv
done: ../dados_2017/DADOS/blocos/blocos.bx
done: ../dados_2017/DADOS/blocos/blocos.by
done: ../dados_2017/DADOS/blocos/blocos.bz
done: ../dados_2017/DADOS/blocos/blocos.cc
done: ../dados_2017/DADOS/blocos/blocos.ca
done: ../dados_2017/DADOS/blocos/blocos.cb
done: ../dados_2017/DADOS/blocos/blocos.ce
done: ../dados_2017/DADOS/blocos/blocos.cd
done: ../dados_2017/DADOS/blocos/blocos.cf
done: ../dados_2017/DADOS/blocos/blocos.cg
done: ../dados_2017/DADOS/blocos/blocos.ci
done: ../dados_2017/DADOS/blocos/blocos.ch
done: ../dados_2017/DADOS/blocos/blocos.ck
done: ../dados_2017/DADOS/blocos/blocos.cl
done: ../dados_2017/DADOS/blocos/blocos.cj
done: ../dados_2017/DADOS/blocos/blocos.cn
done: ../dados_2017/DADOS/blocos/blocos.cm
done: ../dados_2017/DADOS/blocos/blocos.co
done: ../dados_2017/DADOS/blocos/blocos.cq
done: ../dados_2017/DADOS/blocos/blocos.cr
done: ../dados_2017/DADOS/blocos/blocos.cp
done: ../dados_2017/DADOS/blocos/blocos.cs
done: ../dados_2017/DADOS/blocos/blocos.cu
done: ../dados_2017/DADOS/blocos/blocos.ct
done: ../dados_2017/DADOS/blocos/blocos.cv
done: ../dados_2017/DADOS/blocos/blocos.cx
done: ../dados_2017/DADOS/blocos/blocos.cw
done: ../dados_2017/DADOS/blocos/blocos.da
done: ../dados_2017/DADOS/blocos/blocos.cy
done: ../dados_2017/DADOS/blocos/blocos.cz
done: ../dados_2017/DADOS/blocos/blocos.dd
done: ../dados_2017/DADOS/blocos/blocos.dc
done: ../dados_2017/DADOS/blocos/blocos.db
done: ../dados_2017/DADOS/blocos/blocos.dg
done: ../dados_2017/DADOS/blocos/blocos.de
done: ../dados_2017/DADOS/blocos/blocos.df
done: ../dados_2017/DADOS/blocos/blocos.dh
done: ../dados_2017/DADOS/blocos/blocos.dj
done: ../dados_2017/DADOS/blocos/blocos.di
done: ../dados_2017/DADOS/blocos/blocos.dk
done: ../dados_2017/DADOS/blocos/blocos.dm
done: ../dados_2017/DADOS/blocos/blocos.dl
done: ../dados_2017/DADOS/blocos/blocos.do
done: ../dados_2017/DADOS/blocos/blocos.dp
done: ../dados_2017/DADOS/blocos/blocos.dn
done: ../dados_2017/DADOS/blocos/blocos.ds
done: ../dados_2017/DADOS/blocos/blocos.dr
done: ../dados_2017/DADOS/blocos/blocos.dq
done: ../dados_2017/DADOS/blocos/blocos.dv
done: ../dados_2017/DADOS/blocos/blocos.du
done: ../dados_2017/DADOS/blocos/blocos.dt
done: ../dados_2017/DADOS/blocos/blocos.dw
done: ../dados_2017/DADOS/blocos/blocos.dx
done: ../dados_2017/DADOS/blocos/blocos.dy
done: ../dados_2017/DADOS/blocos/blocos.eb
done: ../dados_2017/DADOS/blocos/blocos.dz
done: ../dados_2017/DADOS/blocos/blocos.ea
done: ../dados_2017/DADOS/blocos/blocos.ed
done: ../dados_2017/DADOS/blocos/blocos.ec
done: ../dados_2017/DADOS/blocos/blocos.ee
done: ../dados_2017/DADOS/blocos/blocos.eg
done: ../dados_2017/DADOS/blocos/blocos.eh
done: ../dados_2017/DADOS/blocos/blocos.ef
done: ../dados_2017/DADOS/blocos/blocos.ej
done: ../dados_2017/DADOS/blocos/blocos.ek
done: ../dados_2017/DADOS/blocos/blocos.ei
done: ../dados_2017/DADOS/blocos/blocos.el
done: ../dados_2017/DADOS/blocos/blocos.en
done: ../dados_2017/DADOS/blocos/blocos.em
done: ../dados_2017/DADOS/blocos/blocos.eq
done: ../dados_2017/DADOS/blocos/blocos.eo
done: ../dados_2017/DADOS/blocos/blocos.ep
done: ../dados_2017/DADOS/blocos/blocos.es
done: ../dados_2017/DADOS/blocos/blocos.et
done: ../dados_2017/DADOS/blocos/blocos.er
done: ../dados_2017/DADOS/blocos/blocos.eu
done: ../dados_2017/DADOS/blocos/blocos.ew
done: ../dados_2017/DADOS/blocos/blocos.ev
done: ../dados_2017/DADOS/blocos/blocos.ez
done: ../dados_2017/DADOS/blocos/blocos.ex
done: ../dados_2017/DADOS/blocos/blocos.ey
done: ../dados_2017/DADOS/blocos/blocos.fa
done: ../dados_2017/DADOS/blocos/blocos.fc
done: ../dados_2017/DADOS/blocos/blocos.fb
done: ../dados_2017/DADOS/blocos/blocos.fe
done: ../dados_2017/DADOS/blocos/blocos.fd
done: ../dados_2017/DADOS/blocos/blocos.ff
done: ../dados_2017/DADOS/blocos/blocos.fh
done: ../dados_2017/DADOS/blocos/blocos.fg
done: ../dados_2017/DADOS/blocos/blocos.fi
done: ../dados_2017/DADOS/blocos/blocos.fj
done: ../dados_2017/DADOS/blocos/blocos.fk
done: ../dados_2017/DADOS/blocos/blocos.fl
done: ../dados_2017/DADOS/blocos/blocos.fm
done: ../dados_2017/DADOS/blocos/blocos.fn
done: ../dados_2017/DADOS/blocos/blocos.fo
done: ../dados_2017/DADOS/blocos/blocos.fq
done: ../dados_2017/DADOS/blocos/blocos.fr
done: ../dados_2017/DADOS/blocos/blocos.fp
done: ../dados_2017/DADOS/blocos/blocos.fu
done: ../dados_2017/DADOS/blocos/blocos.ft
done: ../dados_2017/DADOS/blocos/blocos.fs
done: ../dados_2017/DADOS/blocos/blocos.fv
done: ../dados_2017/DADOS/blocos/blocos.fx
done: ../dados_2017/DADOS/blocos/blocos.fw
done: ../dados_2017/DADOS/blocos/blocos.fz
done: ../dados_2017/DADOS/blocos/blocos.ga
done: ../dados_2017/DADOS/blocos/blocos.fy
done: ../dados_2017/DADOS/blocos/blocos.gb
done: ../dados_2017/DADOS/blocos/blocos.gc
done: ../dados_2017/DADOS/blocos/blocos.gd
done: ../dados_2017/DADOS/blocos/blocos.ge
done: ../dados_2017/DADOS/blocos/blocos.gg
done: ../dados_2017/DADOS/blocos/blocos.gf
done: ../dados_2017/DADOS/blocos/blocos.gj
done: ../dados_2017/DADOS/blocos/blocos.gh
done: ../dados_2017/DADOS/blocos/blocos.gi
done: ../dados_2017/DADOS/blocos/blocos.gk
done: ../dados_2017/DADOS/blocos/blocos.gm
done: ../dados_2017/DADOS/blocos/blocos.gl
done: ../dados_2017/DADOS/blocos/blocos.go
done: ../dados_2017/DADOS/blocos/blocos.gn
done: ../dados_2017/DADOS/blocos/blocos.gp
done: ../dados_2017/DADOS/blocos/blocos.gq
done: ../dados_2017/DADOS/blocos/blocos.gs
done: ../dados_2017/DADOS/blocos/blocos.gr
done: ../dados_2017/DADOS/blocos/blocos.gu
done: ../dados_2017/DADOS/blocos/blocos.gt
done: ../dados_2017/DADOS/blocos/blocos.gv
done: ../dados_2017/DADOS/blocos/blocos.gy
done: ../dados_2017/DADOS/blocos/blocos.gx
done: ../dados_2017/DADOS/blocos/blocos.gw
done: ../dados_2017/DADOS/blocos/blocos.ha
done: ../dados_2017/DADOS/blocos/blocos.gz
done: ../dados_2017/DADOS/blocos/blocos.hb
done: ../dados_2017/DADOS/blocos/blocos.hd
done: ../dados_2017/DADOS/blocos/blocos.hc
done: ../dados_2017/DADOS/blocos/blocos.he
done: ../dados_2017/DADOS/blocos/blocos.hg
done: ../dados_2017/DADOS/blocos/blocos.hf
done: ../dados_2017/DADOS/blocos/blocos.hh
done: ../dados_2017/DADOS/blocos/blocos.hk
done: ../dados_2017/DADOS/blocos/blocos.hi
done: ../dados_2017/DADOS/blocos/blocos.hj
done: ../dados_2017/DADOS/blocos/blocos.hm
done: ../dados_2017/DADOS/blocos/blocos.hl
done: ../dados_2017/DADOS/blocos/blocos.hn
done: ../dados_2017/DADOS/blocos/blocos.ho
done: ../dados_2017/DADOS/blocos/blocos.hq
done: ../dados_2017/DADOS/blocos/blocos.hp
done: ../dados_2017/DADOS/blocos/blocos.hr
done: ../dados_2017/DADOS/blocos/blocos.hs
done: ../dados_2017/DADOS/blocos/blocos.ht
done: ../dados_2017/DADOS/blocos/blocos.hu
done: ../dados_2017/DADOS/blocos/blocos.hw
done: ../dados_2017/DADOS/blocos/blocos.hv
done: ../dados_2017/DADOS/blocos/blocos.hx
done: ../dados_2017/DADOS/blocos/blocos.hy
done: ../dados_2017/DADOS/blocos/blocos.ia
done: ../dados_2017/DADOS/blocos/blocos.hz
done: ../dados_2017/DADOS/blocos/blocos.ib
done: ../dados_2017/DADOS/blocos/blocos.ic
done: ../dados_2017/DADOS/blocos/blocos.id
done: ../dados_2017/DADOS/blocos/blocos.ie
done: ../dados_2017/DADOS/blocos/blocos.ig
done: ../dados_2017/DADOS/blocos/blocos.if
done: ../dados_2017/DADOS/blocos/blocos.ih
done: ../dados_2017/DADOS/blocos/blocos.ij
done: ../dados_2017/DADOS/blocos/blocos.ii
done: ../dados_2017/DADOS/blocos/blocos.il
done: ../dados_2017/DADOS/blocos/blocos.ik
done: ../dados_2017/DADOS/blocos/blocos.im
done: ../dados_2017/DADOS/blocos/blocos.in
done: ../dados_2017/DADOS/blocos/blocos.io
done: ../dados_2017/DADOS/blocos/blocos.ip
done: ../dados_2017/DADOS/blocos/blocos.ir
done: ../dados_2017/DADOS/blocos/blocos.iq
done: ../dados_2017/DADOS/blocos/blocos.is
done: ../dados_2017/DADOS/blocos/blocos.iv
done: ../dados_2017/DADOS/blocos/blocos.it
done: ../dados_2017/DADOS/blocos/blocos.iu
done: ../dados_2017/DADOS/blocos/blocos.iy
done: ../dados_2017/DADOS/blocos/blocos.ix
done: ../dados_2017/DADOS/blocos/blocos.iw
done: ../dados_2017/DADOS/blocos/blocos.iz
done: ../dados_2017/DADOS/blocos/blocos.jb
done: ../dados_2017/DADOS/blocos/blocos.ja
done: ../dados_2017/DADOS/blocos/blocos.jc
done: ../dados_2017/DADOS/blocos/blocos.je
done: ../dados_2017/DADOS/blocos/blocos.jd
done: ../dados_2017/DADOS/blocos/blocos.jg
done: ../dados_2017/DADOS/blocos/blocos.jf
done: ../dados_2017/DADOS/blocos/blocos.jh
done: ../dados_2017/DADOS/blocos/blocos.jj
done: ../dados_2017/DADOS/blocos/blocos.jk
done: ../dados_2017/DADOS/blocos/blocos.ji
done: ../dados_2017/DADOS/blocos/blocos.jl
done: ../dados_2017/DADOS/blocos/blocos.jn
done: ../dados_2017/DADOS/blocos/blocos.jm
done: ../dados_2017/DADOS/blocos/blocos.jp
done: ../dados_2017/DADOS/blocos/blocos.jo
done: ../dados_2017/DADOS/blocos/blocos.jq
done: ../dados_2017/DADOS/blocos/blocos.jt
done: ../dados_2017/DADOS/blocos/blocos.jr
done: ../dados_2017/DADOS/blocos/blocos.js
done: ../dados_2017/DADOS/blocos/blocos.jv
done: ../dados_2017/DADOS/blocos/blocos.ju
done: ../dados_2017/DADOS/blocos/blocos.jw
done: ../dados_2017/DADOS/blocos/blocos.jx
done: ../dados_2017/DADOS/blocos/blocos.jy
done: ../dados_2017/DADOS/blocos/blocos.jz
done: ../dados_2017/DADOS/blocos/blocos.kb
done: ../dados_2017/DADOS/blocos/blocos.ka
done: ../dados_2017/DADOS/blocos/blocos.kc
done: ../dados_2017/DADOS/blocos/blocos.ke
done: ../dados_2017/DADOS/blocos/blocos.kd
done: ../dados_2017/DADOS/blocos/blocos.kf
done: ../dados_2017/DADOS/blocos/blocos.kh
done: ../dados_2017/DADOS/blocos/blocos.kg
done: ../dados_2017/DADOS/blocos/blocos.ki
done: ../dados_2017/DADOS/blocos/blocos.kj
done: ../dados_2017/DADOS/blocos/blocos.kk
done: ../dados_2017/DADOS/blocos/blocos.kl
done: ../dados_2017/DADOS/blocos/blocos.km
done: ../dados_2017/DADOS/blocos/blocos.kn
done: ../dados_2017/DADOS/blocos/blocos.kp
done: ../dados_2017/DADOS/blocos/blocos.ko
done: ../dados_2017/DADOS/blocos/blocos.kq
done: ../dados_2017/DADOS/blocos/blocos.ks
done: ../dados_2017/DADOS/blocos/blocos.kr
done: ../dados_2017/DADOS/blocos/blocos.kt
done: ../dados_2017/DADOS/blocos/blocos.kv
done: ../dados_2017/DADOS/blocos/blocos.ku
done: ../dados_2017/DADOS/blocos/blocos.kw
done: ../dados_2017/DADOS/blocos/blocos.kx
done: ../dados_2017/DADOS/blocos/blocos.ky
done: ../dados_2017/DADOS/blocos/blocos.kz
done: ../dados_2017/DADOS/blocos/blocos.la
done: ../dados_2017/DADOS/blocos/blocos.lc
done: ../dados_2017/DADOS/blocos/blocos.lb
done: ../dados_2017/DADOS/blocos/blocos.lf
done: ../dados_2017/DADOS/blocos/blocos.ld
done: ../dados_2017/DADOS/blocos/blocos.le
done: ../dados_2017/DADOS/blocos/blocos.lg
done: ../dados_2017/DADOS/blocos/blocos.li
done: ../dados_2017/DADOS/blocos/blocos.lh
done: ../dados_2017/DADOS/blocos/blocos.lk
done: ../dados_2017/DADOS/blocos/blocos.ll
done: ../dados_2017/DADOS/blocos/blocos.lj
done: ../dados_2017/DADOS/blocos/blocos.lm
done: ../dados_2017/DADOS/blocos/blocos.ln
done: ../dados_2017/DADOS/blocos/blocos.lo
done: ../dados_2017/DADOS/blocos/blocos.lp
done: ../dados_2017/DADOS/blocos/blocos.lq
done: ../dados_2017/DADOS/blocos/blocos.lr
done: ../dados_2017/DADOS/blocos/blocos.lu
done: ../dados_2017/DADOS/blocos/blocos.ls
done: ../dados_2017/DADOS/blocos/blocos.lt
done: ../dados_2017/DADOS/blocos/blocos.lw
done: ../dados_2017/DADOS/blocos/blocos.lx
done: ../dados_2017/DADOS/blocos/blocos.lv
done: ../dados_2017/DADOS/blocos/blocos.ly
done: ../dados_2017/DADOS/blocos/blocos.ma
done: ../dados_2017/DADOS/blocos/blocos.lz
done: ../dados_2017/DADOS/blocos/blocos.mb
done: ../dados_2017/DADOS/blocos/blocos.mc
done: ../dados_2017/DADOS/blocos/blocos.md
done: ../dados_2017/DADOS/blocos/blocos.mg
done: ../dados_2017/DADOS/blocos/blocos.mf
done: ../dados_2017/DADOS/blocos/blocos.me
done: ../dados_2017/DADOS/blocos/blocos.mh
done: ../dados_2017/DADOS/blocos/blocos.mj
done: ../dados_2017/DADOS/blocos/blocos.mi
done: ../dados_2017/DADOS/blocos/blocos.ml
done: ../dados_2017/DADOS/blocos/blocos.mk
done: ../dados_2017/DADOS/blocos/blocos.mm
done: ../dados_2017/DADOS/blocos/blocos.mn
done: ../dados_2017/DADOS/blocos/blocos.mp
done: ../dados_2017/DADOS/blocos/blocos.mo
done: ../dados_2017/DADOS/blocos/blocos.mq
done: ../dados_2017/DADOS/blocos/blocos.ms
done: ../dados_2017/DADOS/blocos/blocos.mr
done: ../dados_2017/DADOS/blocos/blocos.mu
done: ../dados_2017/DADOS/blocos/blocos.mt
done: ../dados_2017/DADOS/blocos/blocos.mv
done: ../dados_2017/DADOS/blocos/blocos.my
done: ../dados_2017/DADOS/blocos/blocos.mw
done: ../dados_2017/DADOS/blocos/blocos.mx
done: ../dados_2017/DADOS/blocos/blocos.ac
done: ../dados_2017/DADOS/blocos/blocos.aa
done: ../dados_2017/DADOS/blocos/blocos.ab
done: ../dados_2017/DADOS/blocos/blocos.ae
done: ../dados_2017/DADOS/blocos/blocos.af
done: ../dados_2017/DADOS/blocos/blocos.ad
done: ../dados_2017/DADOS/blocos/blocos.ah
done: ../dados_2017/DADOS/blocos/blocos.ag
done: ../dados_2017/DADOS/blocos/blocos.ai
done: ../dados_2017/DADOS/blocos/blocos.aj
done: ../dados_2017/DADOS/blocos/blocos.ab
done: ../dados_2017/DADOS/blocos/blocos.ac
done: ../dados_2017/DADOS/blocos/blocos.aa
done: ../dados_2017/DADOS/blocos/blocos.ae
done: ../dados_2017/DADOS/blocos/blocos.ad
done: ../dados_2017/DADOS/blocos/blocos.af
done: ../dados_2017/DADOS/blocos/blocos.ag
done: ../dados_2017/DADOS/blocos/blocos.ai
done: ../dados_2017/DADOS/blocos/blocos.ah
done: ../dados_2017/DADOS/blocos/blocos.aj
done: ../dados_2017/DADOS/blocos/blocos.ak
done: ../dados_2017/DADOS/blocos/blocos.al
done: ../dados_2017/DADOS/blocos/blocos.am
done: ../dados_2017/DADOS/blocos/blocos.an
done: ../dados_2017/DADOS/blocos/blocos.ao
done: ../dados_2017/DADOS/blocos/blocos.ap
done: ../dados_2017/DADOS/blocos/blocos.aq
done: ../dados_2017/DADOS/blocos/blocos.as
done: ../dados_2017/DADOS/blocos/blocos.at
done: ../dados_2017/DADOS/blocos/blocos.ar
done: ../dados_2017/DADOS/blocos/blocos.aw
done: ../dados_2017/DADOS/blocos/blocos.av
done: ../dados_2017/DADOS/blocos/blocos.au
done: ../dados_2017/DADOS/blocos/blocos.ax
done: ../dados_2017/DADOS/blocos/blocos.ay
done: ../dados_2017/DADOS/blocos/blocos.ba
done: ../dados_2017/DADOS/blocos/blocos.az
done: ../dados_2017/DADOS/blocos/blocos.bc
done: ../dados_2017/DADOS/blocos/blocos.bb
done: ../dados_2017/DADOS/blocos/blocos.bd
done: ../dados_2017/DADOS/blocos/blocos.ac
done: ../dados_2017/DADOS/blocos/blocos.ab
done: ../dados_2017/DADOS/blocos/blocos.aa
done: ../dados_2017/DADOS/blocos/blocos.ae
done: ../dados_2017/DADOS/blocos/blocos.ad
done: ../dados_2017/DADOS/blocos/blocos.af
done: ../dados_2017/DADOS/blocos/blocos.ai
done: ../dados_2017/DADOS/blocos/blocos.ag
done: ../dados_2017/DADOS/blocos/blocos.ah
done: ../dados_2017/DADOS/blocos/blocos.al
done: ../dados_2017/DADOS/blocos/blocos.aj
done: ../dados_2017/DADOS/blocos/blocos.ak
done: ../dados_2017/DADOS/blocos/blocos.an
done: ../dados_2017/DADOS/blocos/blocos.am
done: ../dados_2017/DADOS/blocos/blocos.ao
done: ../dados_2017/DADOS/blocos/blocos.ar
done: ../dados_2017/DADOS/blocos/blocos.aq
done: ../dados_2017/DADOS/blocos/blocos.ap
done: ../dados_2017/DADOS/blocos/blocos.au
done: ../dados_2017/DADOS/blocos/blocos.at
done: ../dados_2017/DADOS/blocos/blocos.as
done: ../dados_2017/DADOS/blocos/blocos.av
done: ../dados_2017/DADOS/blocos/blocos.aw
done: ../dados_2017/DADOS/blocos/blocos.ax
done: ../dados_2017/DADOS/blocos/blocos.ay
done: ../dados_2017/DADOS/blocos/blocos.az
done: ../dados_2017/DADOS/blocos/blocos.ba
done: ../dados_2017/DADOS/blocos/blocos.bb
done: ../dados_2017/DADOS/blocos/blocos.bc
done: ../dados_2017/DADOS/blocos/blocos.bd
done: ../dados_2017/DADOS/blocos/blocos.bf
done: ../dados_2017/DADOS/blocos/blocos.be
done: ../dados_2017/DADOS/blocos/blocos.bg
done: ../dados_2017/DADOS/blocos/blocos.bh
done: ../dados_2017/DADOS/blocos/blocos.bi
done: ../dados_2017/DADOS/blocos/blocos.bj
done: ../dados_2017/DADOS/blocos/blocos.bk
done: ../dados_2017/DADOS/blocos/blocos.bl
done: ../dados_2017/DADOS/blocos/blocos.bm
done: ../dados_2017/DADOS/blocos/blocos.bn
done: ../dados_2017/DADOS/blocos/blocos.bo
done: ../dados_2017/DADOS/blocos/blocos.bp
done: ../dados_2017/DADOS/blocos/blocos.bs
done: ../dados_2017/DADOS/blocos/blocos.bq
done: ../dados_2017/DADOS/blocos/blocos.br
done: ../dados_2017/DADOS/blocos/blocos.bt
done: ../dados_2017/DADOS/blocos/blocos.bv
done: ../dados_2017/DADOS/blocos/blocos.bu
done: ../dados_2017/DADOS/blocos/blocos.by
done: ../dados_2017/DADOS/blocos/blocos.bw
done: ../dados_2017/DADOS/blocos/blocos.bx
done: ../dados_2017/DADOS/blocos/blocos.ca
done: ../dados_2017/DADOS/blocos/blocos.bz
done: ../dados_2017/DADOS/blocos/blocos.cb
done: ../dados_2017/DADOS/blocos/blocos.cc
done: ../dados_2017/DADOS/blocos/blocos.cd
done: ../dados_2017/DADOS/blocos/blocos.ce
done: ../dados_2017/DADOS/blocos/blocos.cf
done: ../dados_2017/DADOS/blocos/blocos.cg
done: ../dados_2017/DADOS/blocos/blocos.ch
done: ../dados_2017/DADOS/blocos/blocos.ci
done: ../dados_2017/DADOS/blocos/blocos.cj
done: ../dados_2017/DADOS/blocos/blocos.ck
done: ../dados_2017/DADOS/blocos/blocos.cm
done: ../dados_2017/DADOS/blocos/blocos.cl
done: ../dados_2017/DADOS/blocos/blocos.cn
done: ../dados_2017/DADOS/blocos/blocos.cp
done: ../dados_2017/DADOS/blocos/blocos.cq
done: ../dados_2017/DADOS/blocos/blocos.cr
done: ../dados_2017/DADOS/blocos/blocos.cs
done: ../dados_2017/DADOS/blocos/blocos.ct
done: ../dados_2017/DADOS/blocos/blocos.cu
done: ../dados_2017/DADOS/blocos/blocos.cv
done: ../dados_2017/DADOS/blocos/blocos.co
done: ../dados_2017/DADOS/blocos/blocos.cw
done: ../dados_2017/DADOS/blocos/blocos.cx
done: ../dados_2017/DADOS/blocos/blocos.cy
done: ../dados_2017/DADOS/blocos/blocos.cz
done: ../dados_2017/DADOS/blocos/blocos.da
done: ../dados_2017/DADOS/blocos/blocos.db
done: ../dados_2017/DADOS/blocos/blocos.dc
done: ../dados_2017/DADOS/blocos/blocos.dd
done: ../dados_2017/DADOS/blocos/blocos.de
done: ../dados_2017/DADOS/blocos/blocos.df
done: ../dados_2017/DADOS/blocos/blocos.dg
done: ../dados_2017/DADOS/blocos/blocos.dh
done: ../dados_2017/DADOS/blocos/blocos.di
done: ../dados_2017/DADOS/blocos/blocos.dj
done: ../dados_2017/DADOS/blocos/blocos.dk
done: ../dados_2017/DADOS/blocos/blocos.dl
done: ../dados_2017/DADOS/blocos/blocos.dm
done: ../dados_2017/DADOS/blocos/blocos.dn
done: ../dados_2017/DADOS/blocos/blocos.do
done: ../dados_2017/DADOS/blocos/blocos.dp
done: ../dados_2017/DADOS/blocos/blocos.dq
done: ../dados_2017/DADOS/blocos/blocos.dr
done: ../dados_2017/DADOS/blocos/blocos.ds
done: ../dados_2017/DADOS/blocos/blocos.dt
done: ../dados_2017/DADOS/blocos/blocos.du
done: ../dados_2017/DADOS/blocos/blocos.dv
done: ../dados_2017/DADOS/blocos/blocos.dw
done: ../dados_2017/DADOS/blocos/blocos.dx
done: ../dados_2017/DADOS/blocos/blocos.dz
done: ../dados_2017/DADOS/blocos/blocos.dy
done: ../dados_2017/DADOS/blocos/blocos.ea
done: ../dados_2017/DADOS/blocos/blocos.eb
done: ../dados_2017/DADOS/blocos/blocos.ec
done: ../dados_2017/DADOS/blocos/blocos.ed
done: ../dados_2017/DADOS/blocos/blocos.ee
done: ../dados_2017/DADOS/blocos/blocos.ef
done: ../dados_2017/DADOS/blocos/blocos.eg
done: ../dados_2017/DADOS/blocos/blocos.eh
done: ../dados_2017/DADOS/blocos/blocos.ei
done: ../dados_2017/DADOS/blocos/blocos.ej
done: ../dados_2017/DADOS/blocos/blocos.ek
done: ../dados_2017/DADOS/blocos/blocos.el
done: ../dados_2017/DADOS/blocos/blocos.em
done: ../dados_2017/DADOS/blocos/blocos.en
done: ../dados_2017/DADOS/blocos/blocos.eo
done: ../dados_2017/DADOS/blocos/blocos.ep
done: ../dados_2017/DADOS/blocos/blocos.eq
done: ../dados_2017/DADOS/blocos/blocos.er
done: ../dados_2017/DADOS/blocos/blocos.es
done: ../dados_2017/DADOS/blocos/blocos.et
done: ../dados_2017/DADOS/blocos/blocos.eu
done: ../dados_2017/DADOS/blocos/blocos.ev
done: ../dados_2017/DADOS/blocos/blocos.ew
done: ../dados_2017/DADOS/blocos/blocos.ex
done: ../dados_2017/DADOS/blocos/blocos.ez
done: ../dados_2017/DADOS/blocos/blocos.ey
done: ../dados_2017/DADOS/blocos/blocos.fa
done: ../dados_2017/DADOS/blocos/blocos.fb
done: ../dados_2017/DADOS/blocos/blocos.fc
done: ../dados_2017/DADOS/blocos/blocos.fd
done: ../dados_2017/DADOS/blocos/blocos.fe
done: ../dados_2017/DADOS/blocos/blocos.ff
done: ../dados_2017/DADOS/blocos/blocos.fg
done: ../dados_2017/DADOS/blocos/blocos.fh
done: ../dados_2017/DADOS/blocos/blocos.fi
done: ../dados_2017/DADOS/blocos/blocos.fj
done: ../dados_2017/DADOS/blocos/blocos.fl
done: ../dados_2017/DADOS/blocos/blocos.fk
done: ../dados_2017/DADOS/blocos/blocos.fm
done: ../dados_2017/DADOS/blocos/blocos.fn
done: ../dados_2017/DADOS/blocos/blocos.fo
done: ../dados_2017/DADOS/blocos/blocos.fp
done: ../dados_2017/DADOS/blocos/blocos.fq
done: ../dados_2017/DADOS/blocos/blocos.fr
done: ../dados_2017/DADOS/blocos/blocos.fs
done: ../dados_2017/DADOS/blocos/blocos.ft
done: ../dados_2017/DADOS/blocos/blocos.fu
done: ../dados_2017/DADOS/blocos/blocos.fv
done: ../dados_2017/DADOS/blocos/blocos.fw
done: ../dados_2017/DADOS/blocos/blocos.fx
done: ../dados_2017/DADOS/blocos/blocos.fy
done: ../dados_2017/DADOS/blocos/blocos.fz
done: ../dados_2017/DADOS/blocos/blocos.ga
done: ../dados_2017/DADOS/blocos/blocos.gb
done: ../dados_2017/DADOS/blocos/blocos.gc
done: ../dados_2017/DADOS/blocos/blocos.gd
done: ../dados_2017/DADOS/blocos/blocos.ge
done: ../dados_2017/DADOS/blocos/blocos.gf
done: ../dados_2017/DADOS/blocos/blocos.gg
done: ../dados_2017/DADOS/blocos/blocos.gh
done: ../dados_2017/DADOS/blocos/blocos.gi
done: ../dados_2017/DADOS/blocos/blocos.gj
done: ../dados_2017/DADOS/blocos/blocos.gk
done: ../dados_2017/DADOS/blocos/blocos.gl
done: ../dados_2017/DADOS/blocos/blocos.gm
done: ../dados_2017/DADOS/blocos/blocos.gn
done: ../dados_2017/DADOS/blocos/blocos.go
done: ../dados_2017/DADOS/blocos/blocos.gp
done: ../dados_2017/DADOS/blocos/blocos.gq
done: ../dados_2017/DADOS/blocos/blocos.gr
done: ../dados_2017/DADOS/blocos/blocos.gs
done: ../dados_2017/DADOS/blocos/blocos.gt
done: ../dados_2017/DADOS/blocos/blocos.gu
done: ../dados_2017/DADOS/blocos/blocos.gv
done: ../dados_2017/DADOS/blocos/blocos.gw
done: ../dados_2017/DADOS/blocos/blocos.gx
done: ../dados_2017/DADOS/blocos/blocos.gy
done: ../dados_2017/DADOS/blocos/blocos.gz
done: ../dados_2017/DADOS/blocos/blocos.ha
done: ../dados_2017/DADOS/blocos/blocos.hb
done: ../dados_2017/DADOS/blocos/blocos.hc
done: ../dados_2017/DADOS/blocos/blocos.hd
done: ../dados_2017/DADOS/blocos/blocos.he
done: ../dados_2017/DADOS/blocos/blocos.hf
done: ../dados_2017/DADOS/blocos/blocos.hg
done: ../dados_2017/DADOS/blocos/blocos.hi
done: ../dados_2017/DADOS/blocos/blocos.hh
done: ../dados_2017/DADOS/blocos/blocos.hj
done: ../dados_2017/DADOS/blocos/blocos.hk
done: ../dados_2017/DADOS/blocos/blocos.hl
done: ../dados_2017/DADOS/blocos/blocos.hm
done: ../dados_2017/DADOS/blocos/blocos.hn
done: ../dados_2017/DADOS/blocos/blocos.ho
done: ../dados_2017/DADOS/blocos/blocos.hp
done: ../dados_2017/DADOS/blocos/blocos.hr
done: ../dados_2017/DADOS/blocos/blocos.hq
done: ../dados_2017/DADOS/blocos/blocos.hs
done: ../dados_2017/DADOS/blocos/blocos.ht
done: ../dados_2017/DADOS/blocos/blocos.hu
done: ../dados_2017/DADOS/blocos/blocos.hv
done: ../dados_2017/DADOS/blocos/blocos.hw
done: ../dados_2017/DADOS/blocos/blocos.hx
done: ../dados_2017/DADOS/blocos/blocos.hy
done: ../dados_2017/DADOS/blocos/blocos.hz
done: ../dados_2017/DADOS/blocos/blocos.ia
done: ../dados_2017/DADOS/blocos/blocos.ib
done: ../dados_2017/DADOS/blocos/blocos.ic
done: ../dados_2017/DADOS/blocos/blocos.id
done: ../dados_2017/DADOS/blocos/blocos.ie
done: ../dados_2017/DADOS/blocos/blocos.if
done: ../dados_2017/DADOS/blocos/blocos.ig
done: ../dados_2017/DADOS/blocos/blocos.ih
done: ../dados_2017/DADOS/blocos/blocos.ii
done: ../dados_2017/DADOS/blocos/blocos.ij
done: ../dados_2017/DADOS/blocos/blocos.ik
done: ../dados_2017/DADOS/blocos/blocos.im
done: ../dados_2017/DADOS/blocos/blocos.il
done: ../dados_2017/DADOS/blocos/blocos.in
done: ../dados_2017/DADOS/blocos/blocos.io
done: ../dados_2017/DADOS/blocos/blocos.ip
done: ../dados_2017/DADOS/blocos/blocos.iq
done: ../dados_2017/DADOS/blocos/blocos.ir
done: ../dados_2017/DADOS/blocos/blocos.is
done: ../dados_2017/DADOS/blocos/blocos.it
done: ../dados_2017/DADOS/blocos/blocos.iu
done: ../dados_2017/DADOS/blocos/blocos.iv
done: ../dados_2017/DADOS/blocos/blocos.iw
done: ../dados_2017/DADOS/blocos/blocos.ix
done: ../dados_2017/DADOS/blocos/blocos.iy
done: ../dados_2017/DADOS/blocos/blocos.iz
done: ../dados_2017/DADOS/blocos/blocos.ja
done: ../dados_2017/DADOS/blocos/blocos.jb
done: ../dados_2017/DADOS/blocos/blocos.jc
done: ../dados_2017/DADOS/blocos/blocos.jd
done: ../dados_2017/DADOS/blocos/blocos.je
done: ../dados_2017/DADOS/blocos/blocos.jf
done: ../dados_2017/DADOS/blocos/blocos.jg
done: ../dados_2017/DADOS/blocos/blocos.jh
done: ../dados_2017/DADOS/blocos/blocos.ji
done: ../dados_2017/DADOS/blocos/blocos.jj
done: ../dados_2017/DADOS/blocos/blocos.jk
done: ../dados_2017/DADOS/blocos/blocos.jl
done: ../dados_2017/DADOS/blocos/blocos.jm
done: ../dados_2017/DADOS/blocos/blocos.jn
done: ../dados_2017/DADOS/blocos/blocos.jo
done: ../dados_2017/DADOS/blocos/blocos.jp
done: ../dados_2017/DADOS/blocos/blocos.jq
done: ../dados_2017/DADOS/blocos/blocos.jr
done: ../dados_2017/DADOS/blocos/blocos.jt
done: ../dados_2017/DADOS/blocos/blocos.js
done: ../dados_2017/DADOS/blocos/blocos.ju
done: ../dados_2017/DADOS/blocos/blocos.jv
done: ../dados_2017/DADOS/blocos/blocos.jw
done: ../dados_2017/DADOS/blocos/blocos.jx
done: ../dados_2017/DADOS/blocos/blocos.jy
done: ../dados_2017/DADOS/blocos/blocos.jz
done: ../dados_2017/DADOS/blocos/blocos.ka
done: ../dados_2017/DADOS/blocos/blocos.kb
done: ../dados_2017/DADOS/blocos/blocos.kc
done: ../dados_2017/DADOS/blocos/blocos.kd
done: ../dados_2017/DADOS/blocos/blocos.ke
done: ../dados_2017/DADOS/blocos/blocos.kf
done: ../dados_2017/DADOS/blocos/blocos.kg
done: ../dados_2017/DADOS/blocos/blocos.kh
done: ../dados_2017/DADOS/blocos/blocos.ki
done: ../dados_2017/DADOS/blocos/blocos.kj
done: ../dados_2017/DADOS/blocos/blocos.kk
done: ../dados_2017/DADOS/blocos/blocos.kl
done: ../dados_2017/DADOS/blocos/blocos.km
done: ../dados_2017/DADOS/blocos/blocos.kn
done: ../dados_2017/DADOS/blocos/blocos.ko
done: ../dados_2017/DADOS/blocos/blocos.kp
done: ../dados_2017/DADOS/blocos/blocos.kq
done: ../dados_2017/DADOS/blocos/blocos.kr
done: ../dados_2017/DADOS/blocos/blocos.ks
done: ../dados_2017/DADOS/blocos/blocos.kt
done: ../dados_2017/DADOS/blocos/blocos.ku
done: ../dados_2017/DADOS/blocos/blocos.kv
done: ../dados_2017/DADOS/blocos/blocos.kw
done: ../dados_2017/DADOS/blocos/blocos.kx
done: ../dados_2017/DADOS/blocos/blocos.ky
done: ../dados_2017/DADOS/blocos/blocos.kz
done: ../dados_2017/DADOS/blocos/blocos.la
done: ../dados_2017/DADOS/blocos/blocos.lb
done: ../dados_2017/DADOS/blocos/blocos.lc
done: ../dados_2017/DADOS/blocos/blocos.ld
done: ../dados_2017/DADOS/blocos/blocos.le
done: ../dados_2017/DADOS/blocos/blocos.lf
done: ../dados_2017/DADOS/blocos/blocos.lg
done: ../dados_2017/DADOS/blocos/blocos.lh
done: ../dados_2017/DADOS/blocos/blocos.lj
done: ../dados_2017/DADOS/blocos/blocos.li
done: ../dados_2017/DADOS/blocos/blocos.lk
done: ../dados_2017/DADOS/blocos/blocos.ll
done: ../dados_2017/DADOS/blocos/blocos.lm
done: ../dados_2017/DADOS/blocos/blocos.ln
done: ../dados_2017/DADOS/blocos/blocos.lo
done: ../dados_2017/DADOS/blocos/blocos.lp
done: ../dados_2017/DADOS/blocos/blocos.lq
done: ../dados_2017/DADOS/blocos/blocos.lr
done: ../dados_2017/DADOS/blocos/blocos.ls
done: ../dados_2017/DADOS/blocos/blocos.lt
done: ../dados_2017/DADOS/blocos/blocos.lu
done: ../dados_2017/DADOS/blocos/blocos.lv
done: ../dados_2017/DADOS/blocos/blocos.lw
done: ../dados_2017/DADOS/blocos/blocos.lx
done: ../dados_2017/DADOS/blocos/blocos.ly
done: ../dados_2017/DADOS/blocos/blocos.lz
done: ../dados_2017/DADOS/blocos/blocos.ma
done: ../dados_2017/DADOS/blocos/blocos.mb
done: ../dados_2017/DADOS/blocos/blocos.mc
done: ../dados_2017/DADOS/blocos/blocos.md
done: ../dados_2017/DADOS/blocos/blocos.me
done: ../dados_2017/DADOS/blocos/blocos.mf
done: ../dados_2017/DADOS/blocos/blocos.mg
done: ../dados_2017/DADOS/blocos/blocos.mh
done: ../dados_2017/DADOS/blocos/blocos.mi
done: ../dados_2017/DADOS/blocos/blocos.mj
done: ../dados_2017/DADOS/blocos/blocos.mk
done: ../dados_2017/DADOS/blocos/blocos.ml
done: ../dados_2017/DADOS/blocos/blocos.mm
done: ../dados_2017/DADOS/blocos/blocos.mn
done: ../dados_2017/DADOS/blocos/blocos.mo
done: ../dados_2017/DADOS/blocos/blocos.mp
done: ../dados_2017/DADOS/blocos/blocos.mq
done: ../dados_2017/DADOS/blocos/blocos.mr
done: ../dados_2017/DADOS/blocos/blocos.ms
done: ../dados_2017/DADOS/blocos/blocos.mt
done: ../dados_2017/DADOS/blocos/blocos.mu
done: ../dados_2017/DADOS/blocos/blocos.mv
done: ../dados_2017/DADOS/blocos/blocos.mw
done: ../dados_2017/DADOS/blocos/blocos.mx
done: ../dados_2017/DADOS/blocos/blocos.my
